<?xml version="1.0" encoding="UTF-8"?>
<!-- Generated by org.testng.reporters.JUnitReportReporter -->
<testsuite hostname="Atul_Kumar" failures="0" tests="2" name="firstProject.AppiumBasics" time="30.375" errors="0" timestamp="2024-08-22T13:23:59 IST" skipped="1">
  <testcase classname="firstProject.AppiumBasics" name="AppiumTes" time="30.375"/>
  <testcase classname="firstProject.AppiumBasics" name="FillForm">
    <skipped/>
  </testcase> <!-- FillForm -->
</testsuite> <!-- firstProject.AppiumBasics -->
